<?xml version="1.0" encoding="UTF-8"?>
<!-- Generated by org.testng.reporters.JUnitReportReporter -->
<testsuite hostname="RHARISHs-MacBook-Air.local" failures="0" tests="7" name="com.TestNg.Zoho_TestNG" time="22.571" errors="0" timestamp="2022-11-17T21:29:46 IST" skipped="1">
  <testcase classname="com.TestNg.Zoho_TestNG" name="browserLaunch" time="3.628"/>
  <system-out/>
  <testcase classname="com.TestNg.Zoho_TestNG" name="getUrl" time="9.167"/>
  <system-out/>
  <testcase classname="com.TestNg.Zoho_TestNG" name="signUp" time="2.158"/>
  <system-out/>
  <testcase classname="com.TestNg.Zoho_TestNG" name="userDetails" time="3.395"/>
  <system-out/>
  <testcase classname="com.TestNg.Zoho_TestNG" name="checkBox" time="0.095"/>
  <system-out/>
  <testcase classname="com.TestNg.Zoho_TestNG" name="submit" time="4.128"/>
  <system-out/>
  <testcase classname="com.TestNg.Zoho_TestNG" name="takeScreenshot">
    <skipped/>
  </testcase> <!-- takeScreenshot -->
  <system-out/>
</testsuite> <!-- com.TestNg.Zoho_TestNG -->
